Wed Mar 06 13:42:58 CET 2019 : Apache Derby Network Server - 10.11.1.2 - (1629631) démarré et prêt à accepter les connexions sur le port 1527
----------------------------------------------------------------
Wed Mar 06 13:45:05 CET 2019:
Amorçage de Derby version The Apache Software Foundation - Apache Derby - 10.11.1.2 - (1629631) : instance a816c00e-0169-5307-3ff3-ffffb9a008a8 
dans le répertoire de base de données C:\Users\Liam\Documents\NetBeansProjects\positif\data\positif avec le chargeur de classe sun.misc.Launcher$AppClassLoader@60e53b93
Chargé de file:/C:/Program%20Files/java/jdk1.8.0_40/db/lib/derby.jar
java.vendor=Oracle Corporation
java.runtime.version=1.8.0_40-b26
user.dir=C:\Program Files\Java\jdk1.8.0_40\db
os.name=Windows 8.1
os.arch=amd64
os.version=6.3
derby.system.home=C:\Users\Liam\Documents\NetBeansProjects\positif\data
Chargeur de classe de la base de données démarré - derby.database.classpath = ''
----------------------------------------------------------------
Wed Mar 06 13:45:14 CET 2019:
Fermeture de l'instance a816c00e-0169-5307-3ff3-ffffb9a008a8 sur le répertoire de base de données C:\Users\Liam\Documents\NetBeansProjects\positif\data\positif avec le chargeur de classe sun.misc.Launcher$AppClassLoader@60e53b93 
Wed Mar 06 13:45:14 CET 2019 Thread[DRDAConnThread_3,5,main] (DATABASE = positif), (DRDAID = {2}), Arrêt de la base de données 'positif'.
----------------------------------------------------------------
Wed Mar 06 13:46:36 CET 2019:
Amorçage de Derby version The Apache Software Foundation - Apache Derby - 10.11.1.2 - (1629631) : instance a65c80ac-0169-5307-3ff3-ffffb9a008a8 
dans le répertoire de base de données C:\Users\Liam\Documents\NetBeansProjects\positif\data\positif avec le chargeur de classe sun.misc.Launcher$AppClassLoader@60e53b93
Chargé de file:/C:/Program%20Files/java/jdk1.8.0_40/db/lib/derby.jar
java.vendor=Oracle Corporation
java.runtime.version=1.8.0_40-b26
user.dir=C:\Program Files\Java\jdk1.8.0_40\db
os.name=Windows 8.1
os.arch=amd64
os.version=6.3
derby.system.home=C:\Users\Liam\Documents\NetBeansProjects\positif\data
Chargeur de classe de la base de données démarré - derby.database.classpath = ''
